C:\USERS\CHRISTIAN\DOCUMENTS\VISUAL STUDIO 2012\PROJECTS\WEBCAMALARM_ALPHA\WEBCAMALARM_ALPHA\X64\RELEASE\STDAFX.OBJ
C:\USERS\CHRISTIAN\DOCUMENTS\VISUAL STUDIO 2012\PROJECTS\WEBCAMALARM_ALPHA\WEBCAMALARM_ALPHA\X64\RELEASE\SETTINGS_DATA.OBJ
C:\USERS\CHRISTIAN\DOCUMENTS\VISUAL STUDIO 2012\PROJECTS\WEBCAMALARM_ALPHA\WEBCAMALARM_ALPHA\X64\RELEASE\SETTINGSFORM.OBJ
C:\USERS\CHRISTIAN\DOCUMENTS\VISUAL STUDIO 2012\PROJECTS\WEBCAMALARM_ALPHA\WEBCAMALARM_ALPHA\X64\RELEASE\PASSWORDFORM.OBJ
C:\USERS\CHRISTIAN\DOCUMENTS\VISUAL STUDIO 2012\PROJECTS\WEBCAMALARM_ALPHA\WEBCAMALARM_ALPHA\X64\RELEASE\NEWPASSWORDFORM.OBJ
C:\USERS\CHRISTIAN\DOCUMENTS\VISUAL STUDIO 2012\PROJECTS\WEBCAMALARM_ALPHA\WEBCAMALARM_ALPHA\X64\RELEASE\FUNCTIONS.OBJ
C:\USERS\CHRISTIAN\DOCUMENTS\VISUAL STUDIO 2012\PROJECTS\WEBCAMALARM_ALPHA\WEBCAMALARM_ALPHA\X64\RELEASE\ABOUTFORM.OBJ
C:\USERS\CHRISTIAN\DOCUMENTS\VISUAL STUDIO 2012\PROJECTS\WEBCAMALARM_ALPHA\WEBCAMALARM_ALPHA\X64\RELEASE\VC110.PDB
C:\USERS\CHRISTIAN\DOCUMENTS\VISUAL STUDIO 2012\PROJECTS\WEBCAMALARM_ALPHA\WEBCAMALARM_ALPHA\X64\RELEASE\.NETFRAMEWORK,VERSION=V4.0.ASSEMBLYATTRIBUTES.OBJ
C:\USERS\CHRISTIAN\DOCUMENTS\VISUAL STUDIO 2012\PROJECTS\WEBCAMALARM_ALPHA\X64\RELEASE\WEBCAMALARM_ALPHA.EXE
C:\USERS\CHRISTIAN\DOCUMENTS\VISUAL STUDIO 2012\PROJECTS\WEBCAMALARM_ALPHA\X64\RELEASE\WEBCAMALARM_ALPHA.PDB
C:\USERS\CHRISTIAN\DOCUMENTS\VISUAL STUDIO 2012\PROJECTS\WEBCAMALARM_ALPHA\WEBCAMALARM_ALPHA\X64\RELEASE\RESOURCE.RES
C:\Users\Christian\Documents\Visual Studio 2012\Projects\WebcamAlarm_alpha\WebcamAlarm_alpha\x64\Release\WebcamAlarm_alpha.aboutForm.resources
C:\Users\Christian\Documents\Visual Studio 2012\Projects\WebcamAlarm_alpha\WebcamAlarm_alpha\x64\Release\WebcamAlarm_alpha.newPasswordForm.resources
C:\Users\Christian\Documents\Visual Studio 2012\Projects\WebcamAlarm_alpha\WebcamAlarm_alpha\x64\Release\WebcamAlarm_alpha.passwordForm.resources
C:\Users\Christian\Documents\Visual Studio 2012\Projects\WebcamAlarm_alpha\WebcamAlarm_alpha\x64\Release\WebcamAlarm_alpha.settingsForm.resources
C:\Users\Christian\documents\visual studio 2012\Projects\WebcamAlarm_alpha\WebcamAlarm_alpha\x64\Release\WebcamAlarm_alpha.aboutForm.resources
C:\Users\Christian\documents\visual studio 2012\Projects\WebcamAlarm_alpha\WebcamAlarm_alpha\x64\Release\WebcamAlarm_alpha.newPasswordForm.resources
C:\Users\Christian\documents\visual studio 2012\Projects\WebcamAlarm_alpha\WebcamAlarm_alpha\x64\Release\WebcamAlarm_alpha.passwordForm.resources
C:\Users\Christian\documents\visual studio 2012\Projects\WebcamAlarm_alpha\WebcamAlarm_alpha\x64\Release\WebcamAlarm_alpha.settingsForm.resources
C:\Users\Christian\documents\visual studio 2012\Projects\WebcamAlarm_alpha\WebcamAlarm_alpha\x64\Release\WebcamAlarm_alpha.vcxproj.GenerateResource.Cache
C:\Users\Christian\documents\visual studio 2012\Projects\WebcamAlarm_alpha\WebcamAlarm_alpha\x64\Release\WebcamAlarm_alpha.vcxprojResolveAssemblyReference.cache
C:\Users\Christian\documents\visual studio 2012\Projects\WebcamAlarm_alpha\WebcamAlarm_alpha\x64\Release\.NETFramework,Version=v4.0.AssemblyAttributes.obj
C:\Users\Christian\documents\visual studio 2012\Projects\WebcamAlarm_alpha\WebcamAlarm_alpha\x64\Release\aboutForm.obj
C:\Users\Christian\documents\visual studio 2012\Projects\WebcamAlarm_alpha\WebcamAlarm_alpha\x64\Release\functions.obj
C:\Users\Christian\documents\visual studio 2012\Projects\WebcamAlarm_alpha\WebcamAlarm_alpha\x64\Release\newPasswordForm.obj
C:\Users\Christian\documents\visual studio 2012\Projects\WebcamAlarm_alpha\WebcamAlarm_alpha\x64\Release\passwordForm.obj
C:\Users\Christian\documents\visual studio 2012\Projects\WebcamAlarm_alpha\WebcamAlarm_alpha\x64\Release\settingsForm.obj
C:\Users\Christian\documents\visual studio 2012\Projects\WebcamAlarm_alpha\WebcamAlarm_alpha\x64\Release\settings_data.obj
C:\Users\Christian\documents\visual studio 2012\Projects\WebcamAlarm_alpha\WebcamAlarm_alpha\x64\Release\stdafx.obj
C:\Users\Christian\documents\visual studio 2012\Projects\WebcamAlarm_alpha\WebcamAlarm_alpha\x64\Release\cl.command.1.tlog
C:\Users\Christian\documents\visual studio 2012\Projects\WebcamAlarm_alpha\WebcamAlarm_alpha\x64\Release\CL.read.1.tlog
C:\Users\Christian\documents\visual studio 2012\Projects\WebcamAlarm_alpha\WebcamAlarm_alpha\x64\Release\CL.write.1.tlog
C:\Users\Christian\documents\visual studio 2012\Projects\WebcamAlarm_alpha\WebcamAlarm_alpha\x64\Release\link-cvtres.read.1.tlog
C:\Users\Christian\documents\visual studio 2012\Projects\WebcamAlarm_alpha\WebcamAlarm_alpha\x64\Release\link-cvtres.write.1.tlog
C:\Users\Christian\documents\visual studio 2012\Projects\WebcamAlarm_alpha\WebcamAlarm_alpha\x64\Release\link-rc.read.1.tlog
C:\Users\Christian\documents\visual studio 2012\Projects\WebcamAlarm_alpha\WebcamAlarm_alpha\x64\Release\link-rc.write.1.tlog
C:\Users\Christian\documents\visual studio 2012\Projects\WebcamAlarm_alpha\WebcamAlarm_alpha\x64\Release\link.command.1.tlog
C:\Users\Christian\documents\visual studio 2012\Projects\WebcamAlarm_alpha\WebcamAlarm_alpha\x64\Release\link.read.1.tlog
C:\Users\Christian\documents\visual studio 2012\Projects\WebcamAlarm_alpha\WebcamAlarm_alpha\x64\Release\link.write.1.tlog
C:\Users\Christian\documents\visual studio 2012\Projects\WebcamAlarm_alpha\WebcamAlarm_alpha\x64\Release\metagen.read.1.tlog
C:\Users\Christian\documents\visual studio 2012\Projects\WebcamAlarm_alpha\WebcamAlarm_alpha\x64\Release\metagen.write.1.tlog
C:\Users\Christian\documents\visual studio 2012\Projects\WebcamAlarm_alpha\WebcamAlarm_alpha\x64\Release\rc.command.1.tlog
C:\Users\Christian\documents\visual studio 2012\Projects\WebcamAlarm_alpha\WebcamAlarm_alpha\x64\Release\rc.read.1.tlog
C:\Users\Christian\documents\visual studio 2012\Projects\WebcamAlarm_alpha\WebcamAlarm_alpha\x64\Release\rc.write.1.tlog
C:\Users\Christian\documents\visual studio 2012\Projects\WebcamAlarm_alpha\WebcamAlarm_alpha\x64\Release\WebcamAlarm_alpha.write.1.tlog
C:\Users\Christian\documents\visual studio 2012\Projects\WebcamAlarm_alpha\WebcamAlarm_alpha\x64\Release\resource.res
C:\Users\Christian\documents\visual studio 2012\Projects\WebcamAlarm_alpha\WebcamAlarm_alpha\x64\Release\vc110.pdb
C:\Users\Christian\documents\visual studio 2012\Projects\WebcamAlarm_alpha\WebcamAlarm_alpha\x64\Release\RSAENH.DLL.bi
C:\Users\Christian\documents\visual studio 2012\Projects\WebcamAlarm_alpha\WebcamAlarm_alpha\x64\Release\TZRES.DLL.bi
C:\Users\Christian\documents\visual studio 2012\Projects\WebcamAlarm_alpha\x64\Release\WebcamAlarm_alpha.pdb
C:\Users\Christian\documents\visual studio 2012\Projects\WebcamAlarm_alpha\x64\Release\WebcamAlarm_alpha.exe
