C:\USERS\CHRISTIAN\DOCUMENTS\VISUAL STUDIO 2012\PROJECTS\WEBCAMALARM_ALPHA\WEBCAMALARM_ALPHA\X64\DEBUG\STDAFX.OBJ
C:\USERS\CHRISTIAN\DOCUMENTS\VISUAL STUDIO 2012\PROJECTS\WEBCAMALARM_ALPHA\WEBCAMALARM_ALPHA\X64\DEBUG\SETTINGS_DATA.OBJ
C:\USERS\CHRISTIAN\DOCUMENTS\VISUAL STUDIO 2012\PROJECTS\WEBCAMALARM_ALPHA\WEBCAMALARM_ALPHA\X64\DEBUG\SETTINGSFORM.OBJ
C:\USERS\CHRISTIAN\DOCUMENTS\VISUAL STUDIO 2012\PROJECTS\WEBCAMALARM_ALPHA\WEBCAMALARM_ALPHA\X64\DEBUG\PASSWORDFORM.OBJ
C:\USERS\CHRISTIAN\DOCUMENTS\VISUAL STUDIO 2012\PROJECTS\WEBCAMALARM_ALPHA\WEBCAMALARM_ALPHA\X64\DEBUG\NEWPASSWORDFORM.OBJ
C:\USERS\CHRISTIAN\DOCUMENTS\VISUAL STUDIO 2012\PROJECTS\WEBCAMALARM_ALPHA\WEBCAMALARM_ALPHA\X64\DEBUG\FUNCTIONS.OBJ
C:\USERS\CHRISTIAN\DOCUMENTS\VISUAL STUDIO 2012\PROJECTS\WEBCAMALARM_ALPHA\WEBCAMALARM_ALPHA\X64\DEBUG\ABOUTFORM.OBJ
C:\USERS\CHRISTIAN\DOCUMENTS\VISUAL STUDIO 2012\PROJECTS\WEBCAMALARM_ALPHA\WEBCAMALARM_ALPHA\X64\DEBUG\VC110.PDB
C:\USERS\CHRISTIAN\DOCUMENTS\VISUAL STUDIO 2012\PROJECTS\WEBCAMALARM_ALPHA\WEBCAMALARM_ALPHA\X64\DEBUG\.NETFRAMEWORK,VERSION=V4.0.ASSEMBLYATTRIBUTES.OBJ
C:\USERS\CHRISTIAN\DOCUMENTS\VISUAL STUDIO 2012\PROJECTS\WEBCAMALARM_ALPHA\X64\DEBUG\WEBCAMALARM_ALPHA.ILK
C:\USERS\CHRISTIAN\DOCUMENTS\VISUAL STUDIO 2012\PROJECTS\WEBCAMALARM_ALPHA\X64\DEBUG\WEBCAMALARM_ALPHA.EXE
C:\USERS\CHRISTIAN\DOCUMENTS\VISUAL STUDIO 2012\PROJECTS\WEBCAMALARM_ALPHA\X64\DEBUG\WEBCAMALARM_ALPHA.PDB
C:\USERS\CHRISTIAN\DOCUMENTS\VISUAL STUDIO 2012\PROJECTS\WEBCAMALARM_ALPHA\WEBCAMALARM_ALPHA\X64\DEBUG\RESOURCE.RES
C:\Users\Christian\documents\visual studio 2012\Projects\WebcamAlarm_alpha\WebcamAlarm_alpha\x64\Debug\WebcamAlarm_alpha.aboutForm.resources
C:\Users\Christian\documents\visual studio 2012\Projects\WebcamAlarm_alpha\WebcamAlarm_alpha\x64\Debug\WebcamAlarm_alpha.newPasswordForm.resources
C:\Users\Christian\documents\visual studio 2012\Projects\WebcamAlarm_alpha\WebcamAlarm_alpha\x64\Debug\WebcamAlarm_alpha.passwordForm.resources
C:\Users\Christian\documents\visual studio 2012\Projects\WebcamAlarm_alpha\WebcamAlarm_alpha\x64\Debug\WebcamAlarm_alpha.settingsForm.resources
C:\Users\Christian\documents\visual studio 2012\Projects\WebcamAlarm_alpha\WebcamAlarm_alpha\x64\Debug\WebcamAlarm_alpha.vcxproj.GenerateResource.Cache
C:\Users\Christian\documents\visual studio 2012\Projects\WebcamAlarm_alpha\WebcamAlarm_alpha\x64\Debug\WebcamAlarm_alpha.vcxprojResolveAssemblyReference.cache
C:\Users\Christian\documents\visual studio 2012\Projects\WebcamAlarm_alpha\WebcamAlarm_alpha\x64\Debug\.NETFramework,Version=v4.0.AssemblyAttributes.obj
C:\Users\Christian\documents\visual studio 2012\Projects\WebcamAlarm_alpha\WebcamAlarm_alpha\x64\Debug\aboutForm.obj
C:\Users\Christian\documents\visual studio 2012\Projects\WebcamAlarm_alpha\WebcamAlarm_alpha\x64\Debug\functions.obj
C:\Users\Christian\documents\visual studio 2012\Projects\WebcamAlarm_alpha\WebcamAlarm_alpha\x64\Debug\newPasswordForm.obj
C:\Users\Christian\documents\visual studio 2012\Projects\WebcamAlarm_alpha\WebcamAlarm_alpha\x64\Debug\passwordForm.obj
C:\Users\Christian\documents\visual studio 2012\Projects\WebcamAlarm_alpha\WebcamAlarm_alpha\x64\Debug\settingsForm.obj
C:\Users\Christian\documents\visual studio 2012\Projects\WebcamAlarm_alpha\WebcamAlarm_alpha\x64\Debug\settings_data.obj
C:\Users\Christian\documents\visual studio 2012\Projects\WebcamAlarm_alpha\WebcamAlarm_alpha\x64\Debug\stdafx.obj
C:\Users\Christian\documents\visual studio 2012\Projects\WebcamAlarm_alpha\WebcamAlarm_alpha\x64\Debug\cl.command.1.tlog
C:\Users\Christian\documents\visual studio 2012\Projects\WebcamAlarm_alpha\WebcamAlarm_alpha\x64\Debug\CL.read.1.tlog
C:\Users\Christian\documents\visual studio 2012\Projects\WebcamAlarm_alpha\WebcamAlarm_alpha\x64\Debug\CL.write.1.tlog
C:\Users\Christian\documents\visual studio 2012\Projects\WebcamAlarm_alpha\WebcamAlarm_alpha\x64\Debug\link.1312-cvtres.read.1.tlog
C:\Users\Christian\documents\visual studio 2012\Projects\WebcamAlarm_alpha\WebcamAlarm_alpha\x64\Debug\link.1312-cvtres.write.1.tlog
C:\Users\Christian\documents\visual studio 2012\Projects\WebcamAlarm_alpha\WebcamAlarm_alpha\x64\Debug\link.1312-rc.read.1.tlog
C:\Users\Christian\documents\visual studio 2012\Projects\WebcamAlarm_alpha\WebcamAlarm_alpha\x64\Debug\link.1312-rc.write.1.tlog
C:\Users\Christian\documents\visual studio 2012\Projects\WebcamAlarm_alpha\WebcamAlarm_alpha\x64\Debug\link.1312.read.1.tlog
C:\Users\Christian\documents\visual studio 2012\Projects\WebcamAlarm_alpha\WebcamAlarm_alpha\x64\Debug\link.1312.read.2.tlog
C:\Users\Christian\documents\visual studio 2012\Projects\WebcamAlarm_alpha\WebcamAlarm_alpha\x64\Debug\link.1312.write.1.tlog
C:\Users\Christian\documents\visual studio 2012\Projects\WebcamAlarm_alpha\WebcamAlarm_alpha\x64\Debug\link.1516-cvtres.read.1.tlog
C:\Users\Christian\documents\visual studio 2012\Projects\WebcamAlarm_alpha\WebcamAlarm_alpha\x64\Debug\link.1516-cvtres.write.1.tlog
C:\Users\Christian\documents\visual studio 2012\Projects\WebcamAlarm_alpha\WebcamAlarm_alpha\x64\Debug\link.1516-rc.read.1.tlog
C:\Users\Christian\documents\visual studio 2012\Projects\WebcamAlarm_alpha\WebcamAlarm_alpha\x64\Debug\link.1516-rc.write.1.tlog
C:\Users\Christian\documents\visual studio 2012\Projects\WebcamAlarm_alpha\WebcamAlarm_alpha\x64\Debug\link.1516.read.1.tlog
C:\Users\Christian\documents\visual studio 2012\Projects\WebcamAlarm_alpha\WebcamAlarm_alpha\x64\Debug\link.1516.read.2.tlog
C:\Users\Christian\documents\visual studio 2012\Projects\WebcamAlarm_alpha\WebcamAlarm_alpha\x64\Debug\link.1516.write.1.tlog
C:\Users\Christian\documents\visual studio 2012\Projects\WebcamAlarm_alpha\WebcamAlarm_alpha\x64\Debug\link.1544-cvtres.read.1.tlog
C:\Users\Christian\documents\visual studio 2012\Projects\WebcamAlarm_alpha\WebcamAlarm_alpha\x64\Debug\link.1544-cvtres.write.1.tlog
C:\Users\Christian\documents\visual studio 2012\Projects\WebcamAlarm_alpha\WebcamAlarm_alpha\x64\Debug\link.1544-rc.read.1.tlog
C:\Users\Christian\documents\visual studio 2012\Projects\WebcamAlarm_alpha\WebcamAlarm_alpha\x64\Debug\link.1544-rc.write.1.tlog
C:\Users\Christian\documents\visual studio 2012\Projects\WebcamAlarm_alpha\WebcamAlarm_alpha\x64\Debug\link.1544.read.1.tlog
C:\Users\Christian\documents\visual studio 2012\Projects\WebcamAlarm_alpha\WebcamAlarm_alpha\x64\Debug\link.1544.read.2.tlog
C:\Users\Christian\documents\visual studio 2012\Projects\WebcamAlarm_alpha\WebcamAlarm_alpha\x64\Debug\link.1544.write.1.tlog
C:\Users\Christian\documents\visual studio 2012\Projects\WebcamAlarm_alpha\WebcamAlarm_alpha\x64\Debug\link.1808-cvtres.read.1.tlog
C:\Users\Christian\documents\visual studio 2012\Projects\WebcamAlarm_alpha\WebcamAlarm_alpha\x64\Debug\link.1808-cvtres.write.1.tlog
C:\Users\Christian\documents\visual studio 2012\Projects\WebcamAlarm_alpha\WebcamAlarm_alpha\x64\Debug\link.1808-rc.read.1.tlog
C:\Users\Christian\documents\visual studio 2012\Projects\WebcamAlarm_alpha\WebcamAlarm_alpha\x64\Debug\link.1808-rc.write.1.tlog
C:\Users\Christian\documents\visual studio 2012\Projects\WebcamAlarm_alpha\WebcamAlarm_alpha\x64\Debug\link.1808.read.1.tlog
C:\Users\Christian\documents\visual studio 2012\Projects\WebcamAlarm_alpha\WebcamAlarm_alpha\x64\Debug\link.1808.read.2.tlog
C:\Users\Christian\documents\visual studio 2012\Projects\WebcamAlarm_alpha\WebcamAlarm_alpha\x64\Debug\link.1808.write.1.tlog
C:\Users\Christian\documents\visual studio 2012\Projects\WebcamAlarm_alpha\WebcamAlarm_alpha\x64\Debug\link.2528-cvtres.read.1.tlog
C:\Users\Christian\documents\visual studio 2012\Projects\WebcamAlarm_alpha\WebcamAlarm_alpha\x64\Debug\link.2528-cvtres.write.1.tlog
C:\Users\Christian\documents\visual studio 2012\Projects\WebcamAlarm_alpha\WebcamAlarm_alpha\x64\Debug\link.2528-rc.read.1.tlog
C:\Users\Christian\documents\visual studio 2012\Projects\WebcamAlarm_alpha\WebcamAlarm_alpha\x64\Debug\link.2528-rc.write.1.tlog
C:\Users\Christian\documents\visual studio 2012\Projects\WebcamAlarm_alpha\WebcamAlarm_alpha\x64\Debug\link.2528.read.1.tlog
C:\Users\Christian\documents\visual studio 2012\Projects\WebcamAlarm_alpha\WebcamAlarm_alpha\x64\Debug\link.2528.read.2.tlog
C:\Users\Christian\documents\visual studio 2012\Projects\WebcamAlarm_alpha\WebcamAlarm_alpha\x64\Debug\link.2528.write.1.tlog
C:\Users\Christian\documents\visual studio 2012\Projects\WebcamAlarm_alpha\WebcamAlarm_alpha\x64\Debug\link.3500-cvtres.read.1.tlog
C:\Users\Christian\documents\visual studio 2012\Projects\WebcamAlarm_alpha\WebcamAlarm_alpha\x64\Debug\link.3500-cvtres.write.1.tlog
C:\Users\Christian\documents\visual studio 2012\Projects\WebcamAlarm_alpha\WebcamAlarm_alpha\x64\Debug\link.3500-rc.read.1.tlog
C:\Users\Christian\documents\visual studio 2012\Projects\WebcamAlarm_alpha\WebcamAlarm_alpha\x64\Debug\link.3500-rc.write.1.tlog
C:\Users\Christian\documents\visual studio 2012\Projects\WebcamAlarm_alpha\WebcamAlarm_alpha\x64\Debug\link.3500.read.1.tlog
C:\Users\Christian\documents\visual studio 2012\Projects\WebcamAlarm_alpha\WebcamAlarm_alpha\x64\Debug\link.3500.read.2.tlog
C:\Users\Christian\documents\visual studio 2012\Projects\WebcamAlarm_alpha\WebcamAlarm_alpha\x64\Debug\link.3500.write.1.tlog
C:\Users\Christian\documents\visual studio 2012\Projects\WebcamAlarm_alpha\WebcamAlarm_alpha\x64\Debug\link.3660-cvtres.read.1.tlog
C:\Users\Christian\documents\visual studio 2012\Projects\WebcamAlarm_alpha\WebcamAlarm_alpha\x64\Debug\link.3660-cvtres.write.1.tlog
C:\Users\Christian\documents\visual studio 2012\Projects\WebcamAlarm_alpha\WebcamAlarm_alpha\x64\Debug\link.3660-rc.read.1.tlog
C:\Users\Christian\documents\visual studio 2012\Projects\WebcamAlarm_alpha\WebcamAlarm_alpha\x64\Debug\link.3660-rc.write.1.tlog
C:\Users\Christian\documents\visual studio 2012\Projects\WebcamAlarm_alpha\WebcamAlarm_alpha\x64\Debug\link.3660.read.1.tlog
C:\Users\Christian\documents\visual studio 2012\Projects\WebcamAlarm_alpha\WebcamAlarm_alpha\x64\Debug\link.3660.read.2.tlog
C:\Users\Christian\documents\visual studio 2012\Projects\WebcamAlarm_alpha\WebcamAlarm_alpha\x64\Debug\link.3660.write.1.tlog
C:\Users\Christian\documents\visual studio 2012\Projects\WebcamAlarm_alpha\WebcamAlarm_alpha\x64\Debug\link.4104-cvtres.read.1.tlog
C:\Users\Christian\documents\visual studio 2012\Projects\WebcamAlarm_alpha\WebcamAlarm_alpha\x64\Debug\link.4104-cvtres.write.1.tlog
C:\Users\Christian\documents\visual studio 2012\Projects\WebcamAlarm_alpha\WebcamAlarm_alpha\x64\Debug\link.4104-rc.read.1.tlog
C:\Users\Christian\documents\visual studio 2012\Projects\WebcamAlarm_alpha\WebcamAlarm_alpha\x64\Debug\link.4104-rc.write.1.tlog
C:\Users\Christian\documents\visual studio 2012\Projects\WebcamAlarm_alpha\WebcamAlarm_alpha\x64\Debug\link.4104.read.1.tlog
C:\Users\Christian\documents\visual studio 2012\Projects\WebcamAlarm_alpha\WebcamAlarm_alpha\x64\Debug\link.4104.read.2.tlog
C:\Users\Christian\documents\visual studio 2012\Projects\WebcamAlarm_alpha\WebcamAlarm_alpha\x64\Debug\link.4104.write.1.tlog
C:\Users\Christian\documents\visual studio 2012\Projects\WebcamAlarm_alpha\WebcamAlarm_alpha\x64\Debug\link.4312-cvtres.read.1.tlog
C:\Users\Christian\documents\visual studio 2012\Projects\WebcamAlarm_alpha\WebcamAlarm_alpha\x64\Debug\link.4312-cvtres.write.1.tlog
C:\Users\Christian\documents\visual studio 2012\Projects\WebcamAlarm_alpha\WebcamAlarm_alpha\x64\Debug\link.4312-rc.read.1.tlog
C:\Users\Christian\documents\visual studio 2012\Projects\WebcamAlarm_alpha\WebcamAlarm_alpha\x64\Debug\link.4312-rc.write.1.tlog
C:\Users\Christian\documents\visual studio 2012\Projects\WebcamAlarm_alpha\WebcamAlarm_alpha\x64\Debug\link.4312.read.1.tlog
C:\Users\Christian\documents\visual studio 2012\Projects\WebcamAlarm_alpha\WebcamAlarm_alpha\x64\Debug\link.4312.read.2.tlog
C:\Users\Christian\documents\visual studio 2012\Projects\WebcamAlarm_alpha\WebcamAlarm_alpha\x64\Debug\link.4312.write.1.tlog
C:\Users\Christian\documents\visual studio 2012\Projects\WebcamAlarm_alpha\WebcamAlarm_alpha\x64\Debug\link.4484-cvtres.read.1.tlog
C:\Users\Christian\documents\visual studio 2012\Projects\WebcamAlarm_alpha\WebcamAlarm_alpha\x64\Debug\link.4484-cvtres.write.1.tlog
C:\Users\Christian\documents\visual studio 2012\Projects\WebcamAlarm_alpha\WebcamAlarm_alpha\x64\Debug\link.4484-rc.read.1.tlog
C:\Users\Christian\documents\visual studio 2012\Projects\WebcamAlarm_alpha\WebcamAlarm_alpha\x64\Debug\link.4484-rc.write.1.tlog
C:\Users\Christian\documents\visual studio 2012\Projects\WebcamAlarm_alpha\WebcamAlarm_alpha\x64\Debug\link.4484.read.1.tlog
C:\Users\Christian\documents\visual studio 2012\Projects\WebcamAlarm_alpha\WebcamAlarm_alpha\x64\Debug\link.4484.read.2.tlog
C:\Users\Christian\documents\visual studio 2012\Projects\WebcamAlarm_alpha\WebcamAlarm_alpha\x64\Debug\link.4484.write.1.tlog
C:\Users\Christian\documents\visual studio 2012\Projects\WebcamAlarm_alpha\WebcamAlarm_alpha\x64\Debug\link.4916-cvtres.read.1.tlog
C:\Users\Christian\documents\visual studio 2012\Projects\WebcamAlarm_alpha\WebcamAlarm_alpha\x64\Debug\link.4916-cvtres.write.1.tlog
C:\Users\Christian\documents\visual studio 2012\Projects\WebcamAlarm_alpha\WebcamAlarm_alpha\x64\Debug\link.4916-rc.read.1.tlog
C:\Users\Christian\documents\visual studio 2012\Projects\WebcamAlarm_alpha\WebcamAlarm_alpha\x64\Debug\link.4916-rc.write.1.tlog
C:\Users\Christian\documents\visual studio 2012\Projects\WebcamAlarm_alpha\WebcamAlarm_alpha\x64\Debug\link.4916.read.1.tlog
C:\Users\Christian\documents\visual studio 2012\Projects\WebcamAlarm_alpha\WebcamAlarm_alpha\x64\Debug\link.4916.read.2.tlog
C:\Users\Christian\documents\visual studio 2012\Projects\WebcamAlarm_alpha\WebcamAlarm_alpha\x64\Debug\link.4916.write.1.tlog
C:\Users\Christian\documents\visual studio 2012\Projects\WebcamAlarm_alpha\WebcamAlarm_alpha\x64\Debug\link.4984-cvtres.read.1.tlog
C:\Users\Christian\documents\visual studio 2012\Projects\WebcamAlarm_alpha\WebcamAlarm_alpha\x64\Debug\link.4984-cvtres.write.1.tlog
C:\Users\Christian\documents\visual studio 2012\Projects\WebcamAlarm_alpha\WebcamAlarm_alpha\x64\Debug\link.4984-rc.read.1.tlog
C:\Users\Christian\documents\visual studio 2012\Projects\WebcamAlarm_alpha\WebcamAlarm_alpha\x64\Debug\link.4984-rc.write.1.tlog
C:\Users\Christian\documents\visual studio 2012\Projects\WebcamAlarm_alpha\WebcamAlarm_alpha\x64\Debug\link.4984.read.1.tlog
C:\Users\Christian\documents\visual studio 2012\Projects\WebcamAlarm_alpha\WebcamAlarm_alpha\x64\Debug\link.4984.read.2.tlog
C:\Users\Christian\documents\visual studio 2012\Projects\WebcamAlarm_alpha\WebcamAlarm_alpha\x64\Debug\link.4984.write.1.tlog
C:\Users\Christian\documents\visual studio 2012\Projects\WebcamAlarm_alpha\WebcamAlarm_alpha\x64\Debug\link.5060-cvtres.read.1.tlog
C:\Users\Christian\documents\visual studio 2012\Projects\WebcamAlarm_alpha\WebcamAlarm_alpha\x64\Debug\link.5060-cvtres.write.1.tlog
C:\Users\Christian\documents\visual studio 2012\Projects\WebcamAlarm_alpha\WebcamAlarm_alpha\x64\Debug\link.5060-rc.read.1.tlog
C:\Users\Christian\documents\visual studio 2012\Projects\WebcamAlarm_alpha\WebcamAlarm_alpha\x64\Debug\link.5060-rc.write.1.tlog
C:\Users\Christian\documents\visual studio 2012\Projects\WebcamAlarm_alpha\WebcamAlarm_alpha\x64\Debug\link.5060.read.1.tlog
C:\Users\Christian\documents\visual studio 2012\Projects\WebcamAlarm_alpha\WebcamAlarm_alpha\x64\Debug\link.5060.read.2.tlog
C:\Users\Christian\documents\visual studio 2012\Projects\WebcamAlarm_alpha\WebcamAlarm_alpha\x64\Debug\link.5060.write.1.tlog
C:\Users\Christian\documents\visual studio 2012\Projects\WebcamAlarm_alpha\WebcamAlarm_alpha\x64\Debug\link.5172-cvtres.read.1.tlog
C:\Users\Christian\documents\visual studio 2012\Projects\WebcamAlarm_alpha\WebcamAlarm_alpha\x64\Debug\link.5172-cvtres.write.1.tlog
C:\Users\Christian\documents\visual studio 2012\Projects\WebcamAlarm_alpha\WebcamAlarm_alpha\x64\Debug\link.5172-rc.read.1.tlog
C:\Users\Christian\documents\visual studio 2012\Projects\WebcamAlarm_alpha\WebcamAlarm_alpha\x64\Debug\link.5172-rc.write.1.tlog
C:\Users\Christian\documents\visual studio 2012\Projects\WebcamAlarm_alpha\WebcamAlarm_alpha\x64\Debug\link.5172.read.1.tlog
C:\Users\Christian\documents\visual studio 2012\Projects\WebcamAlarm_alpha\WebcamAlarm_alpha\x64\Debug\link.5172.read.2.tlog
C:\Users\Christian\documents\visual studio 2012\Projects\WebcamAlarm_alpha\WebcamAlarm_alpha\x64\Debug\link.5172.write.1.tlog
C:\Users\Christian\documents\visual studio 2012\Projects\WebcamAlarm_alpha\WebcamAlarm_alpha\x64\Debug\link.5196-cvtres.read.1.tlog
C:\Users\Christian\documents\visual studio 2012\Projects\WebcamAlarm_alpha\WebcamAlarm_alpha\x64\Debug\link.5196-cvtres.write.1.tlog
C:\Users\Christian\documents\visual studio 2012\Projects\WebcamAlarm_alpha\WebcamAlarm_alpha\x64\Debug\link.5196-rc.read.1.tlog
C:\Users\Christian\documents\visual studio 2012\Projects\WebcamAlarm_alpha\WebcamAlarm_alpha\x64\Debug\link.5196-rc.write.1.tlog
C:\Users\Christian\documents\visual studio 2012\Projects\WebcamAlarm_alpha\WebcamAlarm_alpha\x64\Debug\link.5196.read.1.tlog
C:\Users\Christian\documents\visual studio 2012\Projects\WebcamAlarm_alpha\WebcamAlarm_alpha\x64\Debug\link.5196.read.2.tlog
C:\Users\Christian\documents\visual studio 2012\Projects\WebcamAlarm_alpha\WebcamAlarm_alpha\x64\Debug\link.5196.write.1.tlog
C:\Users\Christian\documents\visual studio 2012\Projects\WebcamAlarm_alpha\WebcamAlarm_alpha\x64\Debug\link.5204-cvtres.read.1.tlog
C:\Users\Christian\documents\visual studio 2012\Projects\WebcamAlarm_alpha\WebcamAlarm_alpha\x64\Debug\link.5204-cvtres.write.1.tlog
C:\Users\Christian\documents\visual studio 2012\Projects\WebcamAlarm_alpha\WebcamAlarm_alpha\x64\Debug\link.5204-rc.read.1.tlog
C:\Users\Christian\documents\visual studio 2012\Projects\WebcamAlarm_alpha\WebcamAlarm_alpha\x64\Debug\link.5204-rc.write.1.tlog
C:\Users\Christian\documents\visual studio 2012\Projects\WebcamAlarm_alpha\WebcamAlarm_alpha\x64\Debug\link.5204.read.1.tlog
C:\Users\Christian\documents\visual studio 2012\Projects\WebcamAlarm_alpha\WebcamAlarm_alpha\x64\Debug\link.5204.read.2.tlog
C:\Users\Christian\documents\visual studio 2012\Projects\WebcamAlarm_alpha\WebcamAlarm_alpha\x64\Debug\link.5204.write.1.tlog
C:\Users\Christian\documents\visual studio 2012\Projects\WebcamAlarm_alpha\WebcamAlarm_alpha\x64\Debug\link.5372-cvtres.read.1.tlog
C:\Users\Christian\documents\visual studio 2012\Projects\WebcamAlarm_alpha\WebcamAlarm_alpha\x64\Debug\link.5372-cvtres.write.1.tlog
C:\Users\Christian\documents\visual studio 2012\Projects\WebcamAlarm_alpha\WebcamAlarm_alpha\x64\Debug\link.5372-rc.read.1.tlog
C:\Users\Christian\documents\visual studio 2012\Projects\WebcamAlarm_alpha\WebcamAlarm_alpha\x64\Debug\link.5372-rc.write.1.tlog
C:\Users\Christian\documents\visual studio 2012\Projects\WebcamAlarm_alpha\WebcamAlarm_alpha\x64\Debug\link.5372.read.1.tlog
C:\Users\Christian\documents\visual studio 2012\Projects\WebcamAlarm_alpha\WebcamAlarm_alpha\x64\Debug\link.5372.read.2.tlog
C:\Users\Christian\documents\visual studio 2012\Projects\WebcamAlarm_alpha\WebcamAlarm_alpha\x64\Debug\link.5372.write.1.tlog
C:\Users\Christian\documents\visual studio 2012\Projects\WebcamAlarm_alpha\WebcamAlarm_alpha\x64\Debug\link.5796-cvtres.read.1.tlog
C:\Users\Christian\documents\visual studio 2012\Projects\WebcamAlarm_alpha\WebcamAlarm_alpha\x64\Debug\link.5796-cvtres.write.1.tlog
C:\Users\Christian\documents\visual studio 2012\Projects\WebcamAlarm_alpha\WebcamAlarm_alpha\x64\Debug\link.5796-rc.read.1.tlog
C:\Users\Christian\documents\visual studio 2012\Projects\WebcamAlarm_alpha\WebcamAlarm_alpha\x64\Debug\link.5796-rc.write.1.tlog
C:\Users\Christian\documents\visual studio 2012\Projects\WebcamAlarm_alpha\WebcamAlarm_alpha\x64\Debug\link.5796.read.1.tlog
C:\Users\Christian\documents\visual studio 2012\Projects\WebcamAlarm_alpha\WebcamAlarm_alpha\x64\Debug\link.5796.read.2.tlog
C:\Users\Christian\documents\visual studio 2012\Projects\WebcamAlarm_alpha\WebcamAlarm_alpha\x64\Debug\link.5796.write.1.tlog
C:\Users\Christian\documents\visual studio 2012\Projects\WebcamAlarm_alpha\WebcamAlarm_alpha\x64\Debug\link.5924-cvtres.read.1.tlog
C:\Users\Christian\documents\visual studio 2012\Projects\WebcamAlarm_alpha\WebcamAlarm_alpha\x64\Debug\link.5924-cvtres.write.1.tlog
C:\Users\Christian\documents\visual studio 2012\Projects\WebcamAlarm_alpha\WebcamAlarm_alpha\x64\Debug\link.5924-rc.read.1.tlog
C:\Users\Christian\documents\visual studio 2012\Projects\WebcamAlarm_alpha\WebcamAlarm_alpha\x64\Debug\link.5924-rc.write.1.tlog
C:\Users\Christian\documents\visual studio 2012\Projects\WebcamAlarm_alpha\WebcamAlarm_alpha\x64\Debug\link.5924.read.1.tlog
C:\Users\Christian\documents\visual studio 2012\Projects\WebcamAlarm_alpha\WebcamAlarm_alpha\x64\Debug\link.5924.read.2.tlog
C:\Users\Christian\documents\visual studio 2012\Projects\WebcamAlarm_alpha\WebcamAlarm_alpha\x64\Debug\link.5924.write.1.tlog
C:\Users\Christian\documents\visual studio 2012\Projects\WebcamAlarm_alpha\WebcamAlarm_alpha\x64\Debug\link.5956-cvtres.read.1.tlog
C:\Users\Christian\documents\visual studio 2012\Projects\WebcamAlarm_alpha\WebcamAlarm_alpha\x64\Debug\link.5956-cvtres.write.1.tlog
C:\Users\Christian\documents\visual studio 2012\Projects\WebcamAlarm_alpha\WebcamAlarm_alpha\x64\Debug\link.5956-rc.read.1.tlog
C:\Users\Christian\documents\visual studio 2012\Projects\WebcamAlarm_alpha\WebcamAlarm_alpha\x64\Debug\link.5956-rc.write.1.tlog
C:\Users\Christian\documents\visual studio 2012\Projects\WebcamAlarm_alpha\WebcamAlarm_alpha\x64\Debug\link.5956.read.1.tlog
C:\Users\Christian\documents\visual studio 2012\Projects\WebcamAlarm_alpha\WebcamAlarm_alpha\x64\Debug\link.5956.read.2.tlog
C:\Users\Christian\documents\visual studio 2012\Projects\WebcamAlarm_alpha\WebcamAlarm_alpha\x64\Debug\link.5956.write.1.tlog
C:\Users\Christian\documents\visual studio 2012\Projects\WebcamAlarm_alpha\WebcamAlarm_alpha\x64\Debug\link.6044-cvtres.read.1.tlog
C:\Users\Christian\documents\visual studio 2012\Projects\WebcamAlarm_alpha\WebcamAlarm_alpha\x64\Debug\link.6044-cvtres.write.1.tlog
C:\Users\Christian\documents\visual studio 2012\Projects\WebcamAlarm_alpha\WebcamAlarm_alpha\x64\Debug\link.6044-rc.read.1.tlog
C:\Users\Christian\documents\visual studio 2012\Projects\WebcamAlarm_alpha\WebcamAlarm_alpha\x64\Debug\link.6044-rc.write.1.tlog
C:\Users\Christian\documents\visual studio 2012\Projects\WebcamAlarm_alpha\WebcamAlarm_alpha\x64\Debug\link.6044.read.1.tlog
C:\Users\Christian\documents\visual studio 2012\Projects\WebcamAlarm_alpha\WebcamAlarm_alpha\x64\Debug\link.6044.read.2.tlog
C:\Users\Christian\documents\visual studio 2012\Projects\WebcamAlarm_alpha\WebcamAlarm_alpha\x64\Debug\link.6044.write.1.tlog
C:\Users\Christian\documents\visual studio 2012\Projects\WebcamAlarm_alpha\WebcamAlarm_alpha\x64\Debug\link.6152-cvtres.read.1.tlog
C:\Users\Christian\documents\visual studio 2012\Projects\WebcamAlarm_alpha\WebcamAlarm_alpha\x64\Debug\link.6152-cvtres.write.1.tlog
C:\Users\Christian\documents\visual studio 2012\Projects\WebcamAlarm_alpha\WebcamAlarm_alpha\x64\Debug\link.6152-rc.read.1.tlog
C:\Users\Christian\documents\visual studio 2012\Projects\WebcamAlarm_alpha\WebcamAlarm_alpha\x64\Debug\link.6152-rc.write.1.tlog
C:\Users\Christian\documents\visual studio 2012\Projects\WebcamAlarm_alpha\WebcamAlarm_alpha\x64\Debug\link.6152.read.1.tlog
C:\Users\Christian\documents\visual studio 2012\Projects\WebcamAlarm_alpha\WebcamAlarm_alpha\x64\Debug\link.6152.read.2.tlog
C:\Users\Christian\documents\visual studio 2012\Projects\WebcamAlarm_alpha\WebcamAlarm_alpha\x64\Debug\link.6152.write.1.tlog
C:\Users\Christian\documents\visual studio 2012\Projects\WebcamAlarm_alpha\WebcamAlarm_alpha\x64\Debug\link.6196-cvtres.read.1.tlog
C:\Users\Christian\documents\visual studio 2012\Projects\WebcamAlarm_alpha\WebcamAlarm_alpha\x64\Debug\link.6196-cvtres.write.1.tlog
C:\Users\Christian\documents\visual studio 2012\Projects\WebcamAlarm_alpha\WebcamAlarm_alpha\x64\Debug\link.6196-rc.read.1.tlog
C:\Users\Christian\documents\visual studio 2012\Projects\WebcamAlarm_alpha\WebcamAlarm_alpha\x64\Debug\link.6196-rc.write.1.tlog
C:\Users\Christian\documents\visual studio 2012\Projects\WebcamAlarm_alpha\WebcamAlarm_alpha\x64\Debug\link.6196.read.1.tlog
C:\Users\Christian\documents\visual studio 2012\Projects\WebcamAlarm_alpha\WebcamAlarm_alpha\x64\Debug\link.6196.read.2.tlog
C:\Users\Christian\documents\visual studio 2012\Projects\WebcamAlarm_alpha\WebcamAlarm_alpha\x64\Debug\link.6196.write.1.tlog
C:\Users\Christian\documents\visual studio 2012\Projects\WebcamAlarm_alpha\WebcamAlarm_alpha\x64\Debug\link.6200-cvtres.read.1.tlog
C:\Users\Christian\documents\visual studio 2012\Projects\WebcamAlarm_alpha\WebcamAlarm_alpha\x64\Debug\link.6200-cvtres.write.1.tlog
C:\Users\Christian\documents\visual studio 2012\Projects\WebcamAlarm_alpha\WebcamAlarm_alpha\x64\Debug\link.6200-rc.read.1.tlog
C:\Users\Christian\documents\visual studio 2012\Projects\WebcamAlarm_alpha\WebcamAlarm_alpha\x64\Debug\link.6200-rc.write.1.tlog
C:\Users\Christian\documents\visual studio 2012\Projects\WebcamAlarm_alpha\WebcamAlarm_alpha\x64\Debug\link.6200.read.1.tlog
C:\Users\Christian\documents\visual studio 2012\Projects\WebcamAlarm_alpha\WebcamAlarm_alpha\x64\Debug\link.6200.read.2.tlog
C:\Users\Christian\documents\visual studio 2012\Projects\WebcamAlarm_alpha\WebcamAlarm_alpha\x64\Debug\link.6200.write.1.tlog
C:\Users\Christian\documents\visual studio 2012\Projects\WebcamAlarm_alpha\WebcamAlarm_alpha\x64\Debug\link.6236-cvtres.read.1.tlog
C:\Users\Christian\documents\visual studio 2012\Projects\WebcamAlarm_alpha\WebcamAlarm_alpha\x64\Debug\link.6236-cvtres.write.1.tlog
C:\Users\Christian\documents\visual studio 2012\Projects\WebcamAlarm_alpha\WebcamAlarm_alpha\x64\Debug\link.6236-rc.read.1.tlog
C:\Users\Christian\documents\visual studio 2012\Projects\WebcamAlarm_alpha\WebcamAlarm_alpha\x64\Debug\link.6236-rc.write.1.tlog
C:\Users\Christian\documents\visual studio 2012\Projects\WebcamAlarm_alpha\WebcamAlarm_alpha\x64\Debug\link.6236.read.1.tlog
C:\Users\Christian\documents\visual studio 2012\Projects\WebcamAlarm_alpha\WebcamAlarm_alpha\x64\Debug\link.6236.read.2.tlog
C:\Users\Christian\documents\visual studio 2012\Projects\WebcamAlarm_alpha\WebcamAlarm_alpha\x64\Debug\link.6236.write.1.tlog
C:\Users\Christian\documents\visual studio 2012\Projects\WebcamAlarm_alpha\WebcamAlarm_alpha\x64\Debug\link.6508-cvtres.read.1.tlog
C:\Users\Christian\documents\visual studio 2012\Projects\WebcamAlarm_alpha\WebcamAlarm_alpha\x64\Debug\link.6508-cvtres.write.1.tlog
C:\Users\Christian\documents\visual studio 2012\Projects\WebcamAlarm_alpha\WebcamAlarm_alpha\x64\Debug\link.6508-rc.read.1.tlog
C:\Users\Christian\documents\visual studio 2012\Projects\WebcamAlarm_alpha\WebcamAlarm_alpha\x64\Debug\link.6508-rc.write.1.tlog
C:\Users\Christian\documents\visual studio 2012\Projects\WebcamAlarm_alpha\WebcamAlarm_alpha\x64\Debug\link.6508.read.1.tlog
C:\Users\Christian\documents\visual studio 2012\Projects\WebcamAlarm_alpha\WebcamAlarm_alpha\x64\Debug\link.6508.read.2.tlog
C:\Users\Christian\documents\visual studio 2012\Projects\WebcamAlarm_alpha\WebcamAlarm_alpha\x64\Debug\link.6508.write.1.tlog
C:\Users\Christian\documents\visual studio 2012\Projects\WebcamAlarm_alpha\WebcamAlarm_alpha\x64\Debug\link.6524-cvtres.read.1.tlog
C:\Users\Christian\documents\visual studio 2012\Projects\WebcamAlarm_alpha\WebcamAlarm_alpha\x64\Debug\link.6524-cvtres.write.1.tlog
C:\Users\Christian\documents\visual studio 2012\Projects\WebcamAlarm_alpha\WebcamAlarm_alpha\x64\Debug\link.6524-rc.read.1.tlog
C:\Users\Christian\documents\visual studio 2012\Projects\WebcamAlarm_alpha\WebcamAlarm_alpha\x64\Debug\link.6524-rc.write.1.tlog
C:\Users\Christian\documents\visual studio 2012\Projects\WebcamAlarm_alpha\WebcamAlarm_alpha\x64\Debug\link.6524.read.1.tlog
C:\Users\Christian\documents\visual studio 2012\Projects\WebcamAlarm_alpha\WebcamAlarm_alpha\x64\Debug\link.6524.read.2.tlog
C:\Users\Christian\documents\visual studio 2012\Projects\WebcamAlarm_alpha\WebcamAlarm_alpha\x64\Debug\link.6524.write.1.tlog
C:\Users\Christian\documents\visual studio 2012\Projects\WebcamAlarm_alpha\WebcamAlarm_alpha\x64\Debug\link.6560-cvtres.read.1.tlog
C:\Users\Christian\documents\visual studio 2012\Projects\WebcamAlarm_alpha\WebcamAlarm_alpha\x64\Debug\link.6560-cvtres.write.1.tlog
C:\Users\Christian\documents\visual studio 2012\Projects\WebcamAlarm_alpha\WebcamAlarm_alpha\x64\Debug\link.6560-rc.read.1.tlog
C:\Users\Christian\documents\visual studio 2012\Projects\WebcamAlarm_alpha\WebcamAlarm_alpha\x64\Debug\link.6560-rc.write.1.tlog
C:\Users\Christian\documents\visual studio 2012\Projects\WebcamAlarm_alpha\WebcamAlarm_alpha\x64\Debug\link.6560.read.1.tlog
C:\Users\Christian\documents\visual studio 2012\Projects\WebcamAlarm_alpha\WebcamAlarm_alpha\x64\Debug\link.6560.read.2.tlog
C:\Users\Christian\documents\visual studio 2012\Projects\WebcamAlarm_alpha\WebcamAlarm_alpha\x64\Debug\link.6560.write.1.tlog
C:\Users\Christian\documents\visual studio 2012\Projects\WebcamAlarm_alpha\WebcamAlarm_alpha\x64\Debug\link.6596-cvtres.read.1.tlog
C:\Users\Christian\documents\visual studio 2012\Projects\WebcamAlarm_alpha\WebcamAlarm_alpha\x64\Debug\link.6596-cvtres.write.1.tlog
C:\Users\Christian\documents\visual studio 2012\Projects\WebcamAlarm_alpha\WebcamAlarm_alpha\x64\Debug\link.6596-rc.read.1.tlog
C:\Users\Christian\documents\visual studio 2012\Projects\WebcamAlarm_alpha\WebcamAlarm_alpha\x64\Debug\link.6596-rc.write.1.tlog
C:\Users\Christian\documents\visual studio 2012\Projects\WebcamAlarm_alpha\WebcamAlarm_alpha\x64\Debug\link.6596.read.1.tlog
C:\Users\Christian\documents\visual studio 2012\Projects\WebcamAlarm_alpha\WebcamAlarm_alpha\x64\Debug\link.6596.read.2.tlog
C:\Users\Christian\documents\visual studio 2012\Projects\WebcamAlarm_alpha\WebcamAlarm_alpha\x64\Debug\link.6596.write.1.tlog
C:\Users\Christian\documents\visual studio 2012\Projects\WebcamAlarm_alpha\WebcamAlarm_alpha\x64\Debug\link.6620-cvtres.read.1.tlog
C:\Users\Christian\documents\visual studio 2012\Projects\WebcamAlarm_alpha\WebcamAlarm_alpha\x64\Debug\link.6620-cvtres.write.1.tlog
C:\Users\Christian\documents\visual studio 2012\Projects\WebcamAlarm_alpha\WebcamAlarm_alpha\x64\Debug\link.6620-rc.read.1.tlog
C:\Users\Christian\documents\visual studio 2012\Projects\WebcamAlarm_alpha\WebcamAlarm_alpha\x64\Debug\link.6620-rc.write.1.tlog
C:\Users\Christian\documents\visual studio 2012\Projects\WebcamAlarm_alpha\WebcamAlarm_alpha\x64\Debug\link.6620.read.1.tlog
C:\Users\Christian\documents\visual studio 2012\Projects\WebcamAlarm_alpha\WebcamAlarm_alpha\x64\Debug\link.6620.read.2.tlog
C:\Users\Christian\documents\visual studio 2012\Projects\WebcamAlarm_alpha\WebcamAlarm_alpha\x64\Debug\link.6620.write.1.tlog
C:\Users\Christian\documents\visual studio 2012\Projects\WebcamAlarm_alpha\WebcamAlarm_alpha\x64\Debug\link.6852-cvtres.read.1.tlog
C:\Users\Christian\documents\visual studio 2012\Projects\WebcamAlarm_alpha\WebcamAlarm_alpha\x64\Debug\link.6852-cvtres.write.1.tlog
C:\Users\Christian\documents\visual studio 2012\Projects\WebcamAlarm_alpha\WebcamAlarm_alpha\x64\Debug\link.6852-rc.read.1.tlog
C:\Users\Christian\documents\visual studio 2012\Projects\WebcamAlarm_alpha\WebcamAlarm_alpha\x64\Debug\link.6852-rc.write.1.tlog
C:\Users\Christian\documents\visual studio 2012\Projects\WebcamAlarm_alpha\WebcamAlarm_alpha\x64\Debug\link.6852.read.1.tlog
C:\Users\Christian\documents\visual studio 2012\Projects\WebcamAlarm_alpha\WebcamAlarm_alpha\x64\Debug\link.6852.read.2.tlog
C:\Users\Christian\documents\visual studio 2012\Projects\WebcamAlarm_alpha\WebcamAlarm_alpha\x64\Debug\link.6852.write.1.tlog
C:\Users\Christian\documents\visual studio 2012\Projects\WebcamAlarm_alpha\WebcamAlarm_alpha\x64\Debug\link.6936-cvtres.read.1.tlog
C:\Users\Christian\documents\visual studio 2012\Projects\WebcamAlarm_alpha\WebcamAlarm_alpha\x64\Debug\link.6936-cvtres.write.1.tlog
C:\Users\Christian\documents\visual studio 2012\Projects\WebcamAlarm_alpha\WebcamAlarm_alpha\x64\Debug\link.6936-rc.read.1.tlog
C:\Users\Christian\documents\visual studio 2012\Projects\WebcamAlarm_alpha\WebcamAlarm_alpha\x64\Debug\link.6936-rc.write.1.tlog
C:\Users\Christian\documents\visual studio 2012\Projects\WebcamAlarm_alpha\WebcamAlarm_alpha\x64\Debug\link.6936.read.1.tlog
C:\Users\Christian\documents\visual studio 2012\Projects\WebcamAlarm_alpha\WebcamAlarm_alpha\x64\Debug\link.6936.read.2.tlog
C:\Users\Christian\documents\visual studio 2012\Projects\WebcamAlarm_alpha\WebcamAlarm_alpha\x64\Debug\link.6936.write.1.tlog
C:\Users\Christian\documents\visual studio 2012\Projects\WebcamAlarm_alpha\WebcamAlarm_alpha\x64\Debug\link.6964-cvtres.read.1.tlog
C:\Users\Christian\documents\visual studio 2012\Projects\WebcamAlarm_alpha\WebcamAlarm_alpha\x64\Debug\link.6964-cvtres.write.1.tlog
C:\Users\Christian\documents\visual studio 2012\Projects\WebcamAlarm_alpha\WebcamAlarm_alpha\x64\Debug\link.6964-rc.read.1.tlog
C:\Users\Christian\documents\visual studio 2012\Projects\WebcamAlarm_alpha\WebcamAlarm_alpha\x64\Debug\link.6964-rc.write.1.tlog
C:\Users\Christian\documents\visual studio 2012\Projects\WebcamAlarm_alpha\WebcamAlarm_alpha\x64\Debug\link.6964.read.1.tlog
C:\Users\Christian\documents\visual studio 2012\Projects\WebcamAlarm_alpha\WebcamAlarm_alpha\x64\Debug\link.6964.read.2.tlog
C:\Users\Christian\documents\visual studio 2012\Projects\WebcamAlarm_alpha\WebcamAlarm_alpha\x64\Debug\link.6964.write.1.tlog
C:\Users\Christian\documents\visual studio 2012\Projects\WebcamAlarm_alpha\WebcamAlarm_alpha\x64\Debug\link.7000-cvtres.read.1.tlog
C:\Users\Christian\documents\visual studio 2012\Projects\WebcamAlarm_alpha\WebcamAlarm_alpha\x64\Debug\link.7000-cvtres.write.1.tlog
C:\Users\Christian\documents\visual studio 2012\Projects\WebcamAlarm_alpha\WebcamAlarm_alpha\x64\Debug\link.7000-rc.read.1.tlog
C:\Users\Christian\documents\visual studio 2012\Projects\WebcamAlarm_alpha\WebcamAlarm_alpha\x64\Debug\link.7000-rc.write.1.tlog
C:\Users\Christian\documents\visual studio 2012\Projects\WebcamAlarm_alpha\WebcamAlarm_alpha\x64\Debug\link.7000.read.1.tlog
C:\Users\Christian\documents\visual studio 2012\Projects\WebcamAlarm_alpha\WebcamAlarm_alpha\x64\Debug\link.7000.read.2.tlog
C:\Users\Christian\documents\visual studio 2012\Projects\WebcamAlarm_alpha\WebcamAlarm_alpha\x64\Debug\link.7000.write.1.tlog
C:\Users\Christian\documents\visual studio 2012\Projects\WebcamAlarm_alpha\WebcamAlarm_alpha\x64\Debug\link.7080-cvtres.read.1.tlog
C:\Users\Christian\documents\visual studio 2012\Projects\WebcamAlarm_alpha\WebcamAlarm_alpha\x64\Debug\link.7080-cvtres.write.1.tlog
C:\Users\Christian\documents\visual studio 2012\Projects\WebcamAlarm_alpha\WebcamAlarm_alpha\x64\Debug\link.7080-rc.read.1.tlog
C:\Users\Christian\documents\visual studio 2012\Projects\WebcamAlarm_alpha\WebcamAlarm_alpha\x64\Debug\link.7080-rc.write.1.tlog
C:\Users\Christian\documents\visual studio 2012\Projects\WebcamAlarm_alpha\WebcamAlarm_alpha\x64\Debug\link.7080.read.1.tlog
C:\Users\Christian\documents\visual studio 2012\Projects\WebcamAlarm_alpha\WebcamAlarm_alpha\x64\Debug\link.7080.read.2.tlog
C:\Users\Christian\documents\visual studio 2012\Projects\WebcamAlarm_alpha\WebcamAlarm_alpha\x64\Debug\link.7080.write.1.tlog
C:\Users\Christian\documents\visual studio 2012\Projects\WebcamAlarm_alpha\WebcamAlarm_alpha\x64\Debug\link.7112-cvtres.read.1.tlog
C:\Users\Christian\documents\visual studio 2012\Projects\WebcamAlarm_alpha\WebcamAlarm_alpha\x64\Debug\link.7112-cvtres.write.1.tlog
C:\Users\Christian\documents\visual studio 2012\Projects\WebcamAlarm_alpha\WebcamAlarm_alpha\x64\Debug\link.7112-rc.read.1.tlog
C:\Users\Christian\documents\visual studio 2012\Projects\WebcamAlarm_alpha\WebcamAlarm_alpha\x64\Debug\link.7112-rc.write.1.tlog
C:\Users\Christian\documents\visual studio 2012\Projects\WebcamAlarm_alpha\WebcamAlarm_alpha\x64\Debug\link.7112.read.1.tlog
C:\Users\Christian\documents\visual studio 2012\Projects\WebcamAlarm_alpha\WebcamAlarm_alpha\x64\Debug\link.7112.read.2.tlog
C:\Users\Christian\documents\visual studio 2012\Projects\WebcamAlarm_alpha\WebcamAlarm_alpha\x64\Debug\link.7112.write.1.tlog
C:\Users\Christian\documents\visual studio 2012\Projects\WebcamAlarm_alpha\WebcamAlarm_alpha\x64\Debug\link.920-cvtres.read.1.tlog
C:\Users\Christian\documents\visual studio 2012\Projects\WebcamAlarm_alpha\WebcamAlarm_alpha\x64\Debug\link.920-cvtres.write.1.tlog
C:\Users\Christian\documents\visual studio 2012\Projects\WebcamAlarm_alpha\WebcamAlarm_alpha\x64\Debug\link.920-rc.read.1.tlog
C:\Users\Christian\documents\visual studio 2012\Projects\WebcamAlarm_alpha\WebcamAlarm_alpha\x64\Debug\link.920-rc.write.1.tlog
C:\Users\Christian\documents\visual studio 2012\Projects\WebcamAlarm_alpha\WebcamAlarm_alpha\x64\Debug\link.920.read.1.tlog
C:\Users\Christian\documents\visual studio 2012\Projects\WebcamAlarm_alpha\WebcamAlarm_alpha\x64\Debug\link.920.read.2.tlog
C:\Users\Christian\documents\visual studio 2012\Projects\WebcamAlarm_alpha\WebcamAlarm_alpha\x64\Debug\link.920.write.1.tlog
C:\Users\Christian\documents\visual studio 2012\Projects\WebcamAlarm_alpha\WebcamAlarm_alpha\x64\Debug\link.9316-cvtres.read.1.tlog
C:\Users\Christian\documents\visual studio 2012\Projects\WebcamAlarm_alpha\WebcamAlarm_alpha\x64\Debug\link.9316-cvtres.write.1.tlog
C:\Users\Christian\documents\visual studio 2012\Projects\WebcamAlarm_alpha\WebcamAlarm_alpha\x64\Debug\link.9316-rc.read.1.tlog
C:\Users\Christian\documents\visual studio 2012\Projects\WebcamAlarm_alpha\WebcamAlarm_alpha\x64\Debug\link.9316-rc.write.1.tlog
C:\Users\Christian\documents\visual studio 2012\Projects\WebcamAlarm_alpha\WebcamAlarm_alpha\x64\Debug\link.9316.read.1.tlog
C:\Users\Christian\documents\visual studio 2012\Projects\WebcamAlarm_alpha\WebcamAlarm_alpha\x64\Debug\link.9316.read.2.tlog
C:\Users\Christian\documents\visual studio 2012\Projects\WebcamAlarm_alpha\WebcamAlarm_alpha\x64\Debug\link.9316.write.1.tlog
C:\Users\Christian\documents\visual studio 2012\Projects\WebcamAlarm_alpha\WebcamAlarm_alpha\x64\Debug\link.command.1.tlog
C:\Users\Christian\documents\visual studio 2012\Projects\WebcamAlarm_alpha\WebcamAlarm_alpha\x64\Debug\link.read.1.tlog
C:\Users\Christian\documents\visual studio 2012\Projects\WebcamAlarm_alpha\WebcamAlarm_alpha\x64\Debug\link.write.1.tlog
C:\Users\Christian\documents\visual studio 2012\Projects\WebcamAlarm_alpha\WebcamAlarm_alpha\x64\Debug\metagen.read.1.tlog
C:\Users\Christian\documents\visual studio 2012\Projects\WebcamAlarm_alpha\WebcamAlarm_alpha\x64\Debug\metagen.write.1.tlog
C:\Users\Christian\documents\visual studio 2012\Projects\WebcamAlarm_alpha\WebcamAlarm_alpha\x64\Debug\rc.command.1.tlog
C:\Users\Christian\documents\visual studio 2012\Projects\WebcamAlarm_alpha\WebcamAlarm_alpha\x64\Debug\rc.read.1.tlog
C:\Users\Christian\documents\visual studio 2012\Projects\WebcamAlarm_alpha\WebcamAlarm_alpha\x64\Debug\rc.write.1.tlog
C:\Users\Christian\documents\visual studio 2012\Projects\WebcamAlarm_alpha\WebcamAlarm_alpha\x64\Debug\WebcamAlarm_alpha.write.1.tlog
C:\Users\Christian\documents\visual studio 2012\Projects\WebcamAlarm_alpha\WebcamAlarm_alpha\x64\Debug\resource.res
C:\Users\Christian\documents\visual studio 2012\Projects\WebcamAlarm_alpha\WebcamAlarm_alpha\x64\Debug\vc110.pdb
C:\Users\Christian\documents\visual studio 2012\Projects\WebcamAlarm_alpha\WebcamAlarm_alpha\x64\Debug\RSAENH.DLL.bi
C:\Users\Christian\documents\visual studio 2012\Projects\WebcamAlarm_alpha\WebcamAlarm_alpha\x64\Debug\TZRES.DLL.bi
C:\Users\Christian\documents\visual studio 2012\Projects\WebcamAlarm_alpha\x64\Debug\WebcamAlarm_alpha.pdb
C:\Users\Christian\documents\visual studio 2012\Projects\WebcamAlarm_alpha\x64\Debug\WebcamAlarm_alpha.exe
C:\Users\Christian\documents\visual studio 2012\Projects\WebcamAlarm_alpha\x64\Debug\WebcamAlarm_alpha.ilk
